c:\users\kamil\desktop\ja\ja\blendalgorithmasm\debug\asmdll.obj
c:\users\kamil\desktop\ja\ja\debug\asmdll.lib
c:\users\kamil\desktop\ja\ja\debug\asmdll.exp
c:\users\kamil\desktop\ja\ja\blendalgorithmasm\debug\operateonpixelsasm.obj
c:\users\kamil\desktop\ja\ja\blendalgorithmasm\debug\asmdll.pch
c:\users\kamil\desktop\ja\ja\blendalgorithmasm\debug\vc140.pdb
c:\users\kamil\desktop\ja\ja\blendalgorithmasm\debug\stdafx.obj
c:\users\kamil\desktop\ja\ja\blendalgorithmasm\debug\dllmain.obj
c:\users\kamil\desktop\ja\ja\blendalgorithmasm\debug\.netframework,version=v4.0.assemblyattributes.obj
c:\users\kamil\desktop\ja\ja\blendalgorithmasm\debug\.netframework,version=v4.0.assemblyattributes.asm
c:\users\kamil\desktop\ja\ja\debug\asmdll.dll
c:\users\kamil\desktop\ja\ja\debug\asmdll.pdb
c:\users\kamil\desktop\ja\ja\blendalgorithmasm\debug\blendalgorithmasm.vcxprojresolveassemblyreference.cache
c:\users\kamil\desktop\ja\ja\blendalgorithmasm\debug\asmdll.tlog\asmdll.write.1u.tlog
c:\users\kamil\desktop\ja\ja\blendalgorithmasm\debug\asmdll.tlog\cl.command.1.tlog
c:\users\kamil\desktop\ja\ja\blendalgorithmasm\debug\asmdll.tlog\cl.read.1.tlog
c:\users\kamil\desktop\ja\ja\blendalgorithmasm\debug\asmdll.tlog\cl.write.1.tlog
c:\users\kamil\desktop\ja\ja\blendalgorithmasm\debug\asmdll.tlog\link.command.1.tlog
c:\users\kamil\desktop\ja\ja\blendalgorithmasm\debug\asmdll.tlog\link.read.1.tlog
c:\users\kamil\desktop\ja\ja\blendalgorithmasm\debug\asmdll.tlog\link.write.1.tlog
c:\users\kamil\desktop\ja\ja\blendalgorithmasm\debug\asmdll.tlog\metagen.read.1.tlog
c:\users\kamil\desktop\ja\ja\blendalgorithmasm\debug\asmdll.tlog\metagen.write.1.tlog
c:\users\kamil\desktop\ja\ja\blendalgorithmasm\debug\asmdll.tlog\tzres.dll.bi
