c:\users\wojte\desktop\studia\ja\projektja\asmdll\x64\debug\operateonpixelsasm.obj
c:\users\wojte\desktop\studia\ja\projektja\x64\debug\asmdll.lib
c:\users\wojte\desktop\studia\ja\projektja\x64\debug\asmdll.exp
c:\users\wojte\desktop\studia\ja\projektja\asmdll\x64\debug\asmdll.pch
c:\users\wojte\desktop\studia\ja\projektja\asmdll\x64\debug\vc140.pdb
c:\users\wojte\desktop\studia\ja\projektja\asmdll\x64\debug\stdafx.obj
c:\users\wojte\desktop\studia\ja\projektja\asmdll\x64\debug\asmdll.obj
c:\users\wojte\desktop\studia\ja\projektja\asmdll\x64\debug\dllmain.obj
c:\users\wojte\desktop\studia\ja\projektja\asmdll\x64\debug\.netframework,version=v4.0.assemblyattributes.obj
c:\users\wojte\desktop\studia\ja\projektja\asmdll\x64\debug\.netframework,version=v4.0.assemblyattributes.asm
c:\users\wojte\desktop\studia\ja\projektja\x64\debug\asmdll.dll
c:\users\wojte\desktop\studia\ja\projektja\x64\debug\asmdll.pdb
c:\users\wojte\desktop\studia\ja\projektja\asmdll\x64\debug\blendalgorithmasm.vcxprojresolveassemblyreference.cache
c:\users\wojte\desktop\studia\ja\projektja\asmdll\x64\debug\asmdll.tlog\asmdll.write.1u.tlog
c:\users\wojte\desktop\studia\ja\projektja\asmdll\x64\debug\asmdll.tlog\cl.command.1.tlog
c:\users\wojte\desktop\studia\ja\projektja\asmdll\x64\debug\asmdll.tlog\cl.read.1.tlog
c:\users\wojte\desktop\studia\ja\projektja\asmdll\x64\debug\asmdll.tlog\cl.write.1.tlog
c:\users\wojte\desktop\studia\ja\projektja\asmdll\x64\debug\asmdll.tlog\link.command.1.tlog
c:\users\wojte\desktop\studia\ja\projektja\asmdll\x64\debug\asmdll.tlog\link.read.1.tlog
c:\users\wojte\desktop\studia\ja\projektja\asmdll\x64\debug\asmdll.tlog\link.write.1.tlog
c:\users\wojte\desktop\studia\ja\projektja\asmdll\x64\debug\asmdll.tlog\metagen.read.1.tlog
c:\users\wojte\desktop\studia\ja\projektja\asmdll\x64\debug\asmdll.tlog\metagen.write.1.tlog
c:\users\wojte\desktop\studia\ja\projektja\asmdll\x64\debug\asmdll.tlog\tzres.dll.bi
